<?xml version="1.0" encoding="UTF-8"?>
<!-- Generated by org.testng.reporters.JUnitXMLReporter -->
<testsuite ignored="0" hostname="DESKTOP-FTUJBGL" failures="0" tests="3" name="Default test" time="20.588" errors="0" timestamp="2022-10-14T16:33:22 IST">
  <testcase classname="Sambit.Tests.SubmitOrderTest" name="SubmitOrderTest" time="3.29"/>
  <testcase classname="Sambit.Tests.SubmitOrderTest" name="SubmitOrderTest" time="3.142"/>
  <testcase classname="Sambit.Tests.SubmitOrderTest" name="OrderHistoryTest" time="0.617"/>
</testsuite> <!-- Default test -->
