<?xml version="1.0" encoding="UTF-8"?>
<!-- Generated by org.testng.reporters.JUnitXMLReporter -->
<testsuite ignored="1" hostname="DESKTOP-FTUJBGL" failures="0" tests="2" name="Submit Order Test" time="16.757" errors="0" timestamp="2022-11-20T08:59:26 IST">
  <testcase classname="Sambit.Tests.SubmitOrderTest" name="SubmitOrderTest" time="3.456"/>
  <testcase classname="Sambit.Tests.SubmitOrderTest" name="SubmitOrderTest" time="3.376"/>
  <testcase classname="Sambit.Tests.SubmitOrderTest" name="OrderHistoryTest" time="0.0">
    <ignored/>
  </testcase> <!-- OrderHistoryTest -->
</testsuite> <!-- Submit Order Test -->
