<?xml version="1.0" encoding="UTF-8"?>
<!-- Generated by org.testng.reporters.JUnitXMLReporter -->
<testsuite ignored="0" hostname="DESKTOP-FTUJBGL" failures="0" tests="3" name="Submit Order Test" time="24.473" errors="0" timestamp="2022-11-03T08:24:21 IST">
  <testcase classname="Sambit.Tests.SubmitOrderTest" name="SubmitOrderTest" time="3.439"/>
  <testcase classname="Sambit.Tests.SubmitOrderTest" name="SubmitOrderTest" time="3.213"/>
  <testcase classname="Sambit.Tests.SubmitOrderTest" name="OrderHistoryTest" time="0.676"/>
</testsuite> <!-- Submit Order Test -->
