<?xml version="1.0" encoding="UTF-8"?>
<testng-results ignored="3" total="5" passed="2" failed="0" skipped="0">
  <reporter-output>
  </reporter-output>
  <suite started-at="2022-11-20T08:59:09 IST" name="Suite" finished-at="2022-11-20T08:59:26 IST" duration-ms="16758">
    <groups>
      <group name="Purchase">
        <method signature="SubmitOrderTest.SubmitOrderTest(java.util.HashMap)[pri:0, instance:Sambit.Tests.SubmitOrderTest@5524cca1]" name="SubmitOrderTest" class="Sambit.Tests.SubmitOrderTest"/>
      </group> <!-- Purchase -->
    </groups>
    <test started-at="2022-11-20T08:59:09 IST" name="Error Validation Test" finished-at="2022-11-20T08:59:09 IST" duration-ms="28">
    </test> <!-- Error Validation Test -->
    <test started-at="2022-11-20T08:59:09 IST" name="Submit Order Test" finished-at="2022-11-20T08:59:26 IST" duration-ms="16757">
      <class name="Sambit.Tests.SubmitOrderTest">
        <test-method is-config="true" signature="launchApplication()[pri:0, instance:Sambit.Tests.SubmitOrderTest@5524cca1]" started-at="2022-11-20T08:59:10 IST" name="launchApplication" finished-at="2022-11-20T08:59:16 IST" duration-ms="6060" status="PASS">
          <reporter-output>
          </reporter-output>
        </test-method> <!-- launchApplication -->
        <test-method signature="SubmitOrderTest(java.util.HashMap)[pri:0, instance:Sambit.Tests.SubmitOrderTest@5524cca1]" started-at="2022-11-20T08:59:16 IST" name="SubmitOrderTest" data-provider="getData" finished-at="2022-11-20T08:59:19 IST" duration-ms="3456" status="PASS">
          <params>
            <param index="0">
              <value>
                <![CDATA[{Item=ZARA COAT 3, password=Sambit@123, email=sambit.gnit@gmail.com}]]>
              </value>
            </param>
          </params>
          <reporter-output>
          </reporter-output>
        </test-method> <!-- SubmitOrderTest -->
        <test-method is-config="true" signature="tearDown()[pri:0, instance:Sambit.Tests.SubmitOrderTest@5524cca1]" started-at="2022-11-20T08:59:19 IST" name="tearDown" finished-at="2022-11-20T08:59:19 IST" duration-ms="270" status="PASS">
          <reporter-output>
          </reporter-output>
        </test-method> <!-- tearDown -->
        <test-method is-config="true" signature="launchApplication()[pri:0, instance:Sambit.Tests.SubmitOrderTest@5524cca1]" started-at="2022-11-20T08:59:19 IST" name="launchApplication" finished-at="2022-11-20T08:59:22 IST" duration-ms="2896" status="PASS">
          <reporter-output>
          </reporter-output>
        </test-method> <!-- launchApplication -->
        <test-method signature="SubmitOrderTest(java.util.HashMap)[pri:0, instance:Sambit.Tests.SubmitOrderTest@5524cca1]" started-at="2022-11-20T08:59:22 IST" name="SubmitOrderTest" data-provider="getData" finished-at="2022-11-20T08:59:26 IST" duration-ms="3376" status="PASS">
          <params>
            <param index="0">
              <value>
                <![CDATA[{Item=IPHONE 13 PRO, password=Ranaghat@123, email=gojo@ghosh.com}]]>
              </value>
            </param>
          </params>
          <reporter-output>
          </reporter-output>
        </test-method> <!-- SubmitOrderTest -->
        <test-method is-config="true" signature="tearDown()[pri:0, instance:Sambit.Tests.SubmitOrderTest@5524cca1]" started-at="2022-11-20T08:59:26 IST" name="tearDown" finished-at="2022-11-20T08:59:26 IST" duration-ms="181" status="PASS">
          <reporter-output>
          </reporter-output>
        </test-method> <!-- tearDown -->
      </class> <!-- Sambit.Tests.SubmitOrderTest -->
    </test> <!-- Submit Order Test -->
  </suite> <!-- Suite -->
</testng-results>
